<?xml version="1.0" encoding="UTF-8"?>
<!-- Generated by org.testng.reporters.JUnitXMLReporter -->
<testsuite ignored="0" hostname="BL-JFRPJL3" failures="0" tests="3" name="Test" time="21.994" errors="0" timestamp="2026-09-18T14:59:43 IST">
  <testcase classname="Package1.TakeScreenshot" name="calenderHandle" time="8.056"/>
  <testcase classname="Package1.TakeScreenshot" name="screenshot" time="5.956"/>
  <testcase classname="Package1.TakeScreenshot" name="screenshot" time="5.938"/>
</testsuite> <!-- Test -->
