<?xml version="1.0" encoding="UTF-8"?>
<testng-results ignored="0" total="3" passed="3" failed="0" skipped="0">
  <reporter-output>
  </reporter-output>
  <suite started-at="2026-09-18T14:59:21 IST" name="Suite" finished-at="2026-09-18T14:59:43 IST" duration-ms="21994">
    <groups>
    </groups>
    <test started-at="2026-09-18T14:59:21 IST" name="Test" finished-at="2026-09-18T14:59:43 IST" duration-ms="21994">
      <class name="Package1.TakeScreenshot">
        <test-method is-config="true" signature="launchBrowser()[pri:0, instance:Package1.TakeScreenshot@206a70ef]" started-at="2026-09-18T14:59:21 IST" name="launchBrowser" finished-at="2026-09-18T14:59:25 IST" duration-ms="3471" status="PASS">
          <reporter-output>
          </reporter-output>
        </test-method> <!-- launchBrowser -->
        <test-method signature="calenderHandle()[pri:0, instance:Package1.TakeScreenshot@206a70ef]" started-at="2026-09-18T14:59:25 IST" name="calenderHandle" finished-at="2026-09-18T14:59:33 IST" duration-ms="8056" status="PASS">
          <reporter-output>
          </reporter-output>
        </test-method> <!-- calenderHandle -->
        <test-method is-config="true" signature="launchBrowser()[pri:0, instance:Package1.TakeScreenshot@206a70ef]" started-at="2026-09-18T14:59:34 IST" name="launchBrowser" finished-at="2026-09-18T14:59:37 IST" duration-ms="2747" status="PASS">
          <reporter-output>
          </reporter-output>
        </test-method> <!-- launchBrowser -->
        <test-method is-config="true" signature="launchBrowser()[pri:0, instance:Package1.TakeScreenshot@206a70ef]" started-at="2026-09-18T14:59:34 IST" name="launchBrowser" finished-at="2026-09-18T14:59:37 IST" duration-ms="2724" status="PASS">
          <reporter-output>
          </reporter-output>
        </test-method> <!-- launchBrowser -->
        <test-method signature="screenshot(java.lang.String,java.lang.String)[pri:0, instance:Package1.TakeScreenshot@206a70ef]" started-at="2026-09-18T14:59:37 IST" name="screenshot" data-provider="Test" finished-at="2026-09-18T14:59:43 IST" duration-ms="5938" status="PASS">
          <params>
            <param index="0">
              <value>
                <![CDATA[hegdenandan013@gmail.com]]>
              </value>
            </param>
            <param index="1">
              <value>
                <![CDATA[Test]]>
              </value>
            </param>
          </params>
          <reporter-output>
          </reporter-output>
        </test-method> <!-- screenshot -->
        <test-method signature="screenshot(java.lang.String,java.lang.String)[pri:0, instance:Package1.TakeScreenshot@206a70ef]" started-at="2026-09-18T14:59:37 IST" name="screenshot" data-provider="Test" finished-at="2026-09-18T14:59:43 IST" duration-ms="5956" status="PASS">
          <params>
            <param index="0">
              <value>
                <![CDATA[hegdenandan013@gmail.com]]>
              </value>
            </param>
            <param index="1">
              <value>
                <![CDATA[ASDFTYHGFDSGHGFDFGHFD]]>
              </value>
            </param>
          </params>
          <reporter-output>
          </reporter-output>
        </test-method> <!-- screenshot -->
      </class> <!-- Package1.TakeScreenshot -->
    </test> <!-- Test -->
  </suite> <!-- Suite -->
</testng-results>
