<?xml version="1.0" encoding="UTF-8"?>
<!-- Generated by org.testng.reporters.JUnitReportReporter -->
<testsuite hostname="BL-JFRPJL3" failures="0" tests="3" name="Package1.TakeScreenshot" time="28.892" errors="0" timestamp="2026-09-18T14:59:44 IST" skipped="0">
  <testcase classname="Package1.TakeScreenshot" name="screenshot" time="9.427"/>
  <testcase classname="Package1.TakeScreenshot" name="screenshot" time="8.685"/>
  <testcase classname="Package1.TakeScreenshot" name="calenderHandle" time="10.780"/>
</testsuite> <!-- Package1.TakeScreenshot -->
